#
# A fatal error has been detected by the Java Runtime Environment:
#
#  EXCEPTION_ACCESS_VIOLATION (0xc0000005) at pc=0x00007ff99d3d4467, pid=12548, tid=14528
#
# JRE version: OpenJDK Runtime Environment Temurin-17.0.9+9 (17.0.9+9) (build 17.0.9+9)
# Java VM: OpenJDK 64-Bit Server VM Temurin-17.0.9+9 (17.0.9+9, mixed mode, emulated-client, tiered, compressed oops, compressed class ptrs, g1 gc, windows-amd64)
# Problematic frame:
# V  [jvm.dll+0x634467]
#
# No core dump will be written. Minidumps are not enabled by default on client versions of Windows
#
# If you would like to submit a bug report, please visit:
#   https://github.com/adoptium/adoptium-support/issues
#

---------------  S U M M A R Y ------------

Command Line: -Dcom.sun.management.jmxremote -Dcom.sun.management.jmxremote.port=65257 -Dcom.sun.management.jmxremote.authenticate=false -Dcom.sun.management.jmxremote.ssl=false -Djava.rmi.server.hostname=localhost -Dspring.jmx.enabled=true -Dmanagement.endpoints.jmx.exposure.include=* -Dspring.application.admin.enabled=true -XX:TieredStopAtLevel=1 -Dspring.boot.project.name=Order-Service -Dfile.encoding=UTF-8 -Dstdout.encoding=UTF-8 -Dstderr.encoding=UTF-8 -XX:+ShowCodeDetailsInExceptionMessages com.order.OrderServiceApplication --spring.output.ansi.enabled=always

Host: 11th Gen Intel(R) Core(TM) i3-1115G4 @ 3.00GHz, 4 cores, 7G,  Windows 11 , 64 bit Build 22621 (10.0.22621.3527)
Time: Mon May 13 20:58:24 2024 India Standard Time elapsed time: 6787.087381 seconds (0d 1h 53m 7s)

---------------  T H R E A D  ---------------

Current thread (0x000002248e6550f0):  GCTaskThread "GC Thread#0" [stack: 0x000000267c600000,0x000000267c700000] [id=14528]

Stack: [0x000000267c600000,0x000000267c700000],  sp=0x000000267c6ffbb0,  free space=1022k
Native frames: (J=compiled Java code, j=interpreted, Vv=VM code, C=native code)
V  [jvm.dll+0x634467]
V  [jvm.dll+0x370148]
V  [jvm.dll+0x687ba2]
V  [jvm.dll+0x30acf2]
V  [jvm.dll+0x861e7b]
V  [jvm.dll+0x861ec6]
V  [jvm.dll+0x7e3c3a]
V  [jvm.dll+0x67be35]
C  [ucrtbase.dll+0x29333]
C  [KERNEL32.DLL+0x1257d]
C  [ntdll.dll+0x5aa48]


siginfo: EXCEPTION_ACCESS_VIOLATION (0xc0000005), reading address 0x00000000ffff1811


Registers:
RAX=0x0000000000000050, RBX=0x000002248e4eff30, RCX=0x00000000ffff1711, RDX=0x0000000000000000
RSP=0x000000267c6ffbb0, RBP=0x000000010012c068, RSI=0x00000000ffff1711, RDI=0x0000000000000002
R8 =0x0000000000000003, R9 =0x000000000000f801, R10=0x0000022493dd7358, R11=0x000000267c6ffc70
R12=0x0000000000000000, R13=0x0000000000000000, R14=0x0000000000000000, R15=0x00000000000003d8
RIP=0x00007ff99d3d4467, EFLAGS=0x0000000000010202


Register to memory mapping:

RIP=0x00007ff99d3d4467 jvm.dll
RAX=0x0000000000000050 is an unknown value
RBX=0x000002248e4eff30 points into unknown readable memory: 0x0000000000000000 | 00 00 00 00 00 00 00 00
RCX=0x00000000ffff1711 is an unallocated location in the heap
RDX=0x0 is NULL
RSP=0x000000267c6ffbb0 points into unknown readable memory: 0x000000267cbfe440 | 40 e4 bf 7c 26 00 00 00
RBP=0x000000010012c068 is a pointer to class: 
java.text.FieldPosition {0x000000010012c070}
 - instance size:     4
 - klass size:        72
 - access:            public synchronized 
 - state:             fully_initialized
 - name:              'java/text/FieldPosition'
 - super:             'java/lang/Object'
 - sub:               'java/text/DontCareFieldPosition'   
 - arrays:            'java/text/FieldPosition'[]
 - methods:           Array<T>(0x000002249ea5e8b8)
 - method ordering:   Array<T>(0x000002249e000018)
 - default_methods:   Array<T>(0x0000000000000000)
 - local interfaces:  Array<T>(0x000002249e000058)
 - trans. interfaces: Array<T>(0x000002249e000058)
 - constants:         constant pool [113] {0x000002249ea5e470} for 'java/text/FieldPosition' cache=0x000002249ea5f4b0
 - class loader data:  loader data: 0x000002249d827140 of 'bootstrap'
 - source file:       'FieldPosition.java'
 - class annotations:       Array<T>(0x0000000000000000)
 - class type annotations:  Array<T>(0x0000000000000000)
 - field annotations:       Array<T>(0x0000000000000000)
 - field type annotations:  Array<T>(0x0000000000000000)
 - inner classes:     Array<T>(0x000002249ea5f478)
 - nest members:     Array<T>(0x000002249ea5f4a0)
 - permitted subclasses:     Array<T>(0x000002249e000028)
 - java mirror:       a 'java/lang/Class'{0x0000000084173c70} = 'java/text/FieldPosition'
 - vtable length      12  (start addr: 0x000000010012c230)
 - itable length      2 (start addr: 0x000000010012c290)
 - ---- static fields (0 words):
 - ---- non-static fields (4 words):
 - 'field' 'I' @12 
 - 'endIndex' 'I' @16 
 - 'beginIndex' 'I' @20 
 - private 'attribute' 'Ljava/text/Format$Field;' @24 
 - non-static oop maps: 24-24 
RSI=0x00000000ffff1711 is an unallocated location in the heap
RDI=0x0000000000000002 is an unknown value
R8 =0x0000000000000003 is an unknown value
R9 =0x000000000000f801 is an unknown value
R10=0x0000022493dd7358 is at entry_point+-8 in (nmethod*)0x0000022493dd7190
Compiled method (c1) 6787186 4562   !   1       java.nio.DirectByteBuffer::address (53 bytes)
 total in heap  [0x0000022493dd7190,0x0000022493dd7760] = 1488
 relocation     [0x0000022493dd72e8,0x0000022493dd7360] = 120
 main code      [0x0000022493dd7360,0x0000022493dd75a0] = 576
 stub code      [0x0000022493dd75a0,0x0000022493dd7628] = 136
 metadata       [0x0000022493dd7628,0x0000022493dd7638] = 16
 scopes data    [0x0000022493dd7638,0x0000022493dd7690] = 88
 scopes pcs     [0x0000022493dd7690,0x0000022493dd7730] = 160
 dependencies   [0x0000022493dd7730,0x0000022493dd7738] = 8
 handler table  [0x0000022493dd7738,0x0000022493dd7750] = 24
 nul chk table  [0x0000022493dd7750,0x0000022493dd7760] = 16
R11=0x000000267c6ffc70 points into unknown readable memory: 0x0000000000000000 | 00 00 00 00 00 00 00 00
R12=0x0 is NULL
R13=0x0 is NULL
R14=0x0 is NULL
R15=0x00000000000003d8 is an unknown value


Top of Stack: (sp=0x000000267c6ffbb0)
0x000000267c6ffbb0:   000000267cbfe440 000002248e4de680
0x000000267c6ffbc0:   0000000000000000 000002248e4de680
0x000000267c6ffbd0:   0000002600000001 00007ff99cf96663
0x000000267c6ffbe0:   00000000000003d8 0000000000000010
0x000000267c6ffbf0:   0000000000000000 0000000000000000
0x000000267c6ffc00:   0000000000000002 00007ff99d110148
0x000000267c6ffc10:   0000022493dd2790 00000000ffff1711
0x000000267c6ffc20:   000000010012c068 000002248e60ce00
0x000000267c6ffc30:   000002248e60d1e8 000002248e59d1c0
0x000000267c6ffc40:   000002248e60ce00 000002248e60ce10
0x000000267c6ffc50:   000000267cbfe478 00007ff99d427ba2
0x000000267c6ffc60:   000031742fa5e68c 0000000000000001
0x000000267c6ffc70:   0000000000000000 000002248e6550f0
0x000000267c6ffc80:   0000000000000000 000002248e6550f0
0x000000267c6ffc90:   0000000000000000 00007ff99d0aacf2
0x000000267c6ffca0:   000000267cbfe420 0000000000000000
0x000000267c6ffcb0:   000002248e6550f0 0000000000000000
0x000000267c6ffcc0:   000000267cbfe420 00007ff99d601e7b
0x000000267c6ffcd0:   0000000000000001 0000000000000000
0x000000267c6ffce0:   000002248e6550f0 000000267cbfe420
0x000000267c6ffcf0:   00000000000075a3 00007ff99d601ec6
0x000000267c6ffd00:   000002248e6550f0 00000026ffffffff
0x000000267c6ffd10:   000002248e5f54c0 0000000000000000
0x000000267c6ffd20:   000002248e6550f0 00007ff99d583c3a
0x000000267c6ffd30:   0000000000000000 00000000000075a3
0x000000267c6ffd40:   000002248e6550f0 00007ffa228f3dab
0x000000267c6ffd50:   0000000000000000 0000000000000000
0x000000267c6ffd60:   0000000000000000 00007ff99d41be35
0x000000267c6ffd70:   000002248e6550f0 0000000000000000
0x000000267c6ffd80:   0000000000000000 000002248e65da20
0x000000267c6ffd90:   000000267c6fe680 0000000000000000
0x000000267c6ffda0:   0000000000000000 00007ffa227d9333 

Instructions: (pc=0x00007ff99d3d4467)
0x00007ff99d3d4367:   f7 df 0f 1f 80 00 00 00 00 48 8b 11 48 89 14 f9
0x00007ff99d3d4377:   48 83 c1 08 48 3b c8 72 f0 0f b6 13 8b ca 85 d2
0x00007ff99d3d4387:   74 31 83 e9 01 74 2c 83 f9 0c 74 3a 89 54 24 20
0x00007ff99d3d4397:   4c 8d 0d 3a ae 36 00 48 8d 15 4b ae 36 00 41 b8
0x00007ff99d3d43a7:   64 05 00 00 b9 00 00 00 e0 e8 db 37 c1 ff e8 96
0x00007ff99d3d43b7:   86 04 00 b8 08 00 00 00 48 03 d8 48 3b dd 0f 82
0x00007ff99d3d43c7:   85 fe ff ff eb 34 b8 10 00 00 00 eb eb 85 f6 74
0x00007ff99d3d43d7:   29 4c 8d 04 fd 00 00 00 00 48 8b cb 49 2b c8 49
0x00007ff99d3d43e7:   c1 e8 03 48 3b cb 4d 0f 47 c7 4d 85 c0 74 0b 49
0x00007ff99d3d43f7:   c1 e0 03 33 d2 e8 d1 cb 25 00 48 8b 7c 24 50 4c
0x00007ff99d3d4407:   8b 64 24 58 48 8b 5c 24 60 48 8b 6c 24 68 48 83
0x00007ff99d3d4417:   c4 30 41 5f 41 5e 5e c3 cc 48 89 5c 24 10 48 89
0x00007ff99d3d4427:   6c 24 18 48 89 74 24 20 57 41 54 41 55 41 56 41
0x00007ff99d3d4437:   57 48 83 ec 30 65 48 8b 04 25 58 00 00 00 44 0f
0x00007ff99d3d4447:   b6 f2 44 8b 05 a8 e3 58 00 48 8b f1 4a 8b 1c c0
0x00007ff99d3d4457:   b8 50 00 00 00 80 3c 18 00 75 05 e8 a1 b9 25 00
0x00007ff99d3d4467:   83 be 00 01 00 00 00 b8 20 00 00 00 48 8b 04 18
0x00007ff99d3d4477:   48 8b a8 38 02 00 00 48 8b 7d 28 4c 8b 7d 10 4c
0x00007ff99d3d4487:   8b 65 18 4c 8b 6d 20 48 89 7c 24 60 7e 65 48 8d
0x00007ff99d3d4497:   8e 08 01 00 00 e8 1f 0c 00 00 48 8b f8 48 85 c0
0x00007ff99d3d44a7:   74 4c 0f 1f 80 00 00 00 00 48 8b 07 41 0f b6 d6
0x00007ff99d3d44b7:   48 8b cf ff 90 80 00 00 00 8b 5f 08 48 8b cf 48
0x00007ff99d3d44c7:   8b 07 2b de ff 10 8d 48 e0 8d 0c cb 3b 8e 00 01
0x00007ff99d3d44d7:   00 00 7d 1a 48 63 c1 48 8d 8e 08 01 00 00 48 03
0x00007ff99d3d44e7:   c8 e8 d3 0b 00 00 48 8b f8 48 85 c0 75 bb 48 8b
0x00007ff99d3d44f7:   7c 24 60 48 63 86 04 01 00 00 83 f8 fe 74 35 48
0x00007ff99d3d4507:   8d 8e 08 01 00 00 48 03 c8 e8 ab 0b 00 00 48 8b
0x00007ff99d3d4517:   c8 48 8b d8 48 8b 10 ff 52 68 33 c9 84 c0 48 0f
0x00007ff99d3d4527:   45 cb 48 85 c9 74 0d 48 8b 01 41 0f b6 d6 ff 90
0x00007ff99d3d4537:   80 00 00 00 48 8d 05 56 b0 36 00 44 88 74 24 28
0x00007ff99d3d4547:   48 8d 54 24 20 48 89 44 24 20 48 8b ce e8 a7 fc
0x00007ff99d3d4557:   ff ff 49 83 3f 00 74 13 48 8b d7 48 8b cd e8 e6 


Stack slot to memory mapping:
stack at sp + 0 slots: 0x000000267cbfe440 points into unknown readable memory: 0x00007ff99d6d9ed8 | d8 9e 6d 9d f9 7f 00 00
stack at sp + 1 slots: 0x000002248e4de680 points into unknown readable memory: 0x0000000300000001 | 01 00 00 00 03 00 00 00
stack at sp + 2 slots: 0x0 is NULL
stack at sp + 3 slots: 0x000002248e4de680 points into unknown readable memory: 0x0000000300000001 | 01 00 00 00 03 00 00 00
stack at sp + 4 slots: 0x0000002600000001 is an unknown value
stack at sp + 5 slots: 0x00007ff99cf96663 jvm.dll
stack at sp + 6 slots: 0x00000000000003d8 is an unknown value
stack at sp + 7 slots: 0x0000000000000010 is an unknown value


---------------  P R O C E S S  ---------------

Threads class SMR info:
_java_thread_list=0x00000224a47b2790, length=21, elements={
0x000002249d9c1cd0, 0x000002249d9c2890, 0x000002249d9c51d0, 0x000002249d9c5ba0,
0x000002249d9c6760, 0x000002249da13910, 0x000002249da1f210, 0x000002249da1fb20,
0x000002249daef8e0, 0x000002249dbcf820, 0x00000224a2394110, 0x00000224a23ef770,
0x00000224a250ad80, 0x00000224a253e040, 0x00000224a256fb40, 0x00000224a2570f80,
0x00000224a25719a0, 0x00000224a43a72f0, 0x00000224a43a21f0, 0x00000224a439fe80,
0x00000224a43a0390
}

Java Threads: ( => current thread )
  0x000002249d9c1cd0 JavaThread "Reference Handler" daemon [_thread_blocked, id=12284, stack(0x000000267cc00000,0x000000267cd00000)]
  0x000002249d9c2890 JavaThread "Finalizer" daemon [_thread_blocked, id=18876, stack(0x000000267cd00000,0x000000267ce00000)]
  0x000002249d9c51d0 JavaThread "Signal Dispatcher" daemon [_thread_blocked, id=17988, stack(0x000000267ce00000,0x000000267cf00000)]
  0x000002249d9c5ba0 JavaThread "Attach Listener" daemon [_thread_blocked, id=18092, stack(0x000000267cf00000,0x000000267d000000)]
  0x000002249d9c6760 JavaThread "Service Thread" daemon [_thread_blocked, id=14004, stack(0x000000267d000000,0x000000267d100000)]
  0x000002249da13910 JavaThread "Monitor Deflation Thread" daemon [_thread_blocked, id=18732, stack(0x000000267d100000,0x000000267d200000)]
  0x000002249da1f210 JavaThread "C1 CompilerThread0" daemon [_thread_blocked, id=4416, stack(0x000000267d200000,0x000000267d300000)]
  0x000002249da1fb20 JavaThread "Sweeper thread" daemon [_thread_blocked, id=13948, stack(0x000000267d300000,0x000000267d400000)]
  0x000002249daef8e0 JavaThread "Common-Cleaner" daemon [_thread_blocked, id=17968, stack(0x000000267d400000,0x000000267d500000)]
  0x000002249dbcf820 JavaThread "Notification Thread" daemon [_thread_blocked, id=11572, stack(0x000000267d700000,0x000000267d800000)]
  0x00000224a2394110 JavaThread "RMI TCP Accept-0" daemon [_thread_in_native, id=10788, stack(0x000000267d800000,0x000000267d900000)]
  0x00000224a23ef770 JavaThread "RMI TCP Accept-65257" daemon [_thread_in_native, id=6208, stack(0x000000267d900000,0x000000267da00000)]
  0x00000224a250ad80 JavaThread "RMI TCP Accept-0" daemon [_thread_in_native, id=17048, stack(0x000000267da00000,0x000000267db00000)]
  0x00000224a253e040 JavaThread "RMI Scheduler(0)" daemon [_thread_blocked, id=13816, stack(0x000000267dd00000,0x000000267de00000)]
  0x00000224a256fb40 JavaThread "Catalina-utility-1" [_thread_blocked, id=15968, stack(0x000000267d600000,0x000000267d700000)]
  0x00000224a2570f80 JavaThread "Catalina-utility-2" [_thread_blocked, id=6468, stack(0x000000267e900000,0x000000267ea00000)]
  0x00000224a25719a0 JavaThread "mysql-cj-abandoned-connection-cleanup" daemon [_thread_blocked, id=4120, stack(0x000000267eb00000,0x000000267ec00000)]
  0x00000224a43a72f0 JavaThread "DestroyJavaVM" [_thread_blocked, id=7284, stack(0x000000267c500000,0x000000267c600000)]
  0x00000224a43a21f0 JavaThread "RMI TCP Connection(idle)" daemon [_thread_blocked, id=16640, stack(0x000000267c300000,0x000000267c400000)]
  0x00000224a439fe80 JavaThread "JMX server connection timeout 65" daemon [_thread_blocked, id=20408, stack(0x000000267c400000,0x000000267c500000)]
  0x00000224a43a0390 JavaThread "Thread-1" [_thread_blocked, id=13516, stack(0x000000267c200000,0x000000267c300000)]

Other Threads:
  0x000002249d963170 VMThread "VM Thread" [stack: 0x000000267cb00000,0x000000267cc00000] [id=11740]
  0x000002248e5fa9d0 WatcherThread [stack: 0x000000267db00000,0x000000267dc00000] [id=340]
=>0x000002248e6550f0 GCTaskThread "GC Thread#0" [stack: 0x000000267c600000,0x000000267c700000] [id=14528]
  0x00000224a253fa10 GCTaskThread "GC Thread#1" [stack: 0x000000267df00000,0x000000267e000000] [id=4140]
  0x00000224a2519ba0 GCTaskThread "GC Thread#2" [stack: 0x000000267e000000,0x000000267e100000] [id=5344]
  0x00000224a2553430 GCTaskThread "GC Thread#3" [stack: 0x000000267e100000,0x000000267e200000] [id=14220]
  0x000002248e666060 ConcurrentGCThread "G1 Main Marker" [stack: 0x000000267c700000,0x000000267c800000] [id=8804]
  0x000002248e666a80 ConcurrentGCThread "G1 Conc#0" [stack: 0x000000267c800000,0x000000267c900000] [id=17232]
  0x000002248e69e590 ConcurrentGCThread "G1 Refine#0" [stack: 0x000000267c900000,0x000000267ca00000] [id=7236]
  0x00000224a2519e60 ConcurrentGCThread "G1 Refine#1" [stack: 0x000000267e200000,0x000000267e300000] [id=14552]
  0x000002249dd4a100 ConcurrentGCThread "G1 Refine#2" [stack: 0x000000267e300000,0x000000267e400000] [id=4884]
  0x000002249d8120d0 ConcurrentGCThread "G1 Service" [stack: 0x000000267ca00000,0x000000267cb00000] [id=8596]

Threads with active compile tasks:
C1 CompilerThread0  6787212 6197  s    1       org.apache.catalina.util.LifecycleBase::setStateInternal (144 bytes)

VM state: at safepoint (normal execution)

VM Mutex/Monitor currently owned by a thread:  ([mutex/lock_event])
[0x000002248e5f6480] Threads_lock - owner thread: 0x000002249d963170
[0x000002248e5f6360] Heap_lock - owner thread: 0x00000224a43a0390

Heap address: 0x0000000083c00000, size: 1988 MB, Compressed Oops mode: 32-bit

CDS archive(s) not mapped
Compressed class space mapped at: 0x0000000100000000-0x0000000140000000, reserved size: 1073741824
Narrow klass base: 0x0000000000000000, Narrow klass shift: 3, Narrow klass range: 0x140000000

GC Precious Log:
 CPUs: 4 total, 4 available
 Memory: 7948M
 Large Page Support: Disabled
 NUMA Support: Disabled
 Compressed Oops: Enabled (32-bit)
 Heap Region Size: 1M
 Heap Min Capacity: 8M
 Heap Initial Capacity: 126M
 Heap Max Capacity: 1988M
 Pre-touch: Disabled
 Parallel Workers: 4
 Concurrent Workers: 1
 Concurrent Refinement Workers: 4
 Periodic GC: Disabled

Heap:
 garbage-first heap   total 108544K, used 44040K [0x0000000083c00000, 0x0000000100000000)
  region size 1024K, 11 young (11264K), 5 survivors (5120K)
 Metaspace       used 76614K, committed 77184K, reserved 1179648K
  class space    used 10434K, committed 10688K, reserved 1048576K

Heap Regions: E=young(eden), S=young(survivor), O=old, HS=humongous(starts), HC=humongous(continues), CS=collection set, F=free, OA=open archive, CA=closed archive, TAMS=top-at-mark-start (previous, next)
|   0|0x0000000083c00000, 0x0000000083d00000, 0x0000000083d00000|100%|HS|  |TAMS 0x0000000083d00000, 0x0000000083c00000| Complete 
|   1|0x0000000083d00000, 0x0000000083e00000, 0x0000000083e00000|100%|HS|  |TAMS 0x0000000083e00000, 0x0000000083d00000| Complete 
|   2|0x0000000083e00000, 0x0000000083f00000, 0x0000000083f00000|100%| O|  |TAMS 0x0000000083f00000, 0x0000000083e00000| Untracked 
|   3|0x0000000083f00000, 0x0000000084000000, 0x0000000084000000|100%| O|  |TAMS 0x0000000084000000, 0x0000000083f00000| Untracked 
|   4|0x0000000084000000, 0x0000000084100000, 0x0000000084100000|100%| O|  |TAMS 0x0000000084100000, 0x0000000084000000| Untracked 
|   5|0x0000000084100000, 0x0000000084200000, 0x0000000084200000|100%| O|  |TAMS 0x0000000084200000, 0x0000000084100000| Untracked 
|   6|0x0000000084200000, 0x0000000084300000, 0x0000000084300000|100%| O|  |TAMS 0x0000000084300000, 0x0000000084200000| Untracked 
|   7|0x0000000084300000, 0x0000000084400000, 0x0000000084400000|100%| O|  |TAMS 0x0000000084400000, 0x0000000084300000| Untracked 
|   8|0x0000000084400000, 0x0000000084500000, 0x0000000084500000|100%| O|  |TAMS 0x0000000084500000, 0x0000000084400000| Untracked 
|   9|0x0000000084500000, 0x0000000084600000, 0x0000000084600000|100%| O|  |TAMS 0x0000000084600000, 0x0000000084500000| Untracked 
|  10|0x0000000084600000, 0x0000000084700000, 0x0000000084700000|100%| O|  |TAMS 0x0000000084700000, 0x0000000084600000| Untracked 
|  11|0x0000000084700000, 0x0000000084800000, 0x0000000084800000|100%| O|  |TAMS 0x0000000084800000, 0x0000000084700000| Untracked 
|  12|0x0000000084800000, 0x0000000084900000, 0x0000000084900000|100%| O|  |TAMS 0x0000000084900000, 0x0000000084800000| Untracked 
|  13|0x0000000084900000, 0x0000000084a00000, 0x0000000084a00000|100%| O|  |TAMS 0x0000000084a00000, 0x0000000084900000| Untracked 
|  14|0x0000000084a00000, 0x0000000084b00000, 0x0000000084b00000|100%| O|  |TAMS 0x0000000084b00000, 0x0000000084a00000| Untracked 
|  15|0x0000000084b00000, 0x0000000084c00000, 0x0000000084c00000|100%| O|  |TAMS 0x0000000084c00000, 0x0000000084b00000| Untracked 
|  16|0x0000000084c00000, 0x0000000084d00000, 0x0000000084d00000|100%| O|  |TAMS 0x0000000084d00000, 0x0000000084c00000| Untracked 
|  17|0x0000000084d00000, 0x0000000084e00000, 0x0000000084e00000|100%| O|  |TAMS 0x0000000084e00000, 0x0000000084d00000| Untracked 
|  18|0x0000000084e00000, 0x0000000084f00000, 0x0000000084f00000|100%| O|  |TAMS 0x0000000084f00000, 0x0000000084e00000| Untracked 
|  19|0x0000000084f00000, 0x0000000085000000, 0x0000000085000000|100%| O|  |TAMS 0x0000000084f00000, 0x0000000084f00000| Untracked 
|  20|0x0000000085000000, 0x0000000085100000, 0x0000000085100000|100%| O|  |TAMS 0x0000000085100000, 0x0000000085000000| Untracked 
|  21|0x0000000085100000, 0x0000000085200000, 0x0000000085200000|100%| O|  |TAMS 0x0000000085100000, 0x0000000085100000| Untracked 
|  22|0x0000000085200000, 0x0000000085300000, 0x0000000085300000|100%| O|  |TAMS 0x0000000085200000, 0x0000000085200000| Untracked 
|  23|0x0000000085300000, 0x0000000085400000, 0x0000000085400000|100%| O|  |TAMS 0x0000000085400000, 0x0000000085300000| Untracked 
|  24|0x0000000085400000, 0x0000000085500000, 0x0000000085500000|100%| O|  |TAMS 0x0000000085500000, 0x0000000085400000| Untracked 
|  25|0x0000000085500000, 0x0000000085600000, 0x0000000085600000|100%| O|  |TAMS 0x0000000085600000, 0x0000000085500000| Untracked 
|  26|0x0000000085600000, 0x0000000085700000, 0x0000000085700000|100%| O|  |TAMS 0x0000000085700000, 0x0000000085600000| Untracked 
|  27|0x0000000085700000, 0x0000000085800000, 0x0000000085800000|100%| O|  |TAMS 0x0000000085800000, 0x0000000085700000| Untracked 
|  28|0x0000000085800000, 0x0000000085900000, 0x0000000085900000|100%| O|  |TAMS 0x0000000085900000, 0x0000000085800000| Untracked 
|  29|0x0000000085900000, 0x0000000085a00000, 0x0000000085a00000|100%| O|  |TAMS 0x00000000859ea400, 0x0000000085900000| Untracked 
|  30|0x0000000085a00000, 0x0000000085b00000, 0x0000000085b00000|100%| O|  |TAMS 0x0000000085a00000, 0x0000000085a00000| Untracked 
|  31|0x0000000085b00000, 0x0000000085c00000, 0x0000000085c00000|100%| O|  |TAMS 0x0000000085b00000, 0x0000000085b00000| Untracked 
|  32|0x0000000085c00000, 0x0000000085c7fa00, 0x0000000085d00000| 49%| O|  |TAMS 0x0000000085c00000, 0x0000000085c00000| Untracked 
|  33|0x0000000085d00000, 0x0000000085d00000, 0x0000000085e00000|  0%| F|  |TAMS 0x0000000085d00000, 0x0000000085d00000| Untracked 
|  34|0x0000000085e00000, 0x0000000085e00000, 0x0000000085f00000|  0%| F|  |TAMS 0x0000000085e00000, 0x0000000085e00000| Untracked 
|  35|0x0000000085f00000, 0x0000000085f00000, 0x0000000086000000|  0%| F|  |TAMS 0x0000000085f00000, 0x0000000085f00000| Untracked 
|  36|0x0000000086000000, 0x0000000086000000, 0x0000000086100000|  0%| F|  |TAMS 0x0000000086000000, 0x0000000086000000| Untracked 
|  37|0x0000000086100000, 0x0000000086100000, 0x0000000086200000|  0%| F|  |TAMS 0x0000000086100000, 0x0000000086100000| Untracked 
|  38|0x0000000086200000, 0x0000000086200000, 0x0000000086300000|  0%| F|  |TAMS 0x0000000086200000, 0x0000000086200000| Untracked 
|  39|0x0000000086300000, 0x0000000086300000, 0x0000000086400000|  0%| F|  |TAMS 0x0000000086300000, 0x0000000086300000| Untracked 
|  40|0x0000000086400000, 0x0000000086400000, 0x0000000086500000|  0%| F|  |TAMS 0x0000000086400000, 0x0000000086400000| Untracked 
|  41|0x0000000086500000, 0x0000000086500000, 0x0000000086600000|  0%| F|  |TAMS 0x0000000086500000, 0x0000000086500000| Untracked 
|  42|0x0000000086600000, 0x0000000086600000, 0x0000000086700000|  0%| F|  |TAMS 0x0000000086600000, 0x0000000086600000| Untracked 
|  43|0x0000000086700000, 0x0000000086700000, 0x0000000086800000|  0%| F|  |TAMS 0x0000000086700000, 0x0000000086700000| Untracked 
|  44|0x0000000086800000, 0x0000000086800000, 0x0000000086900000|  0%| F|  |TAMS 0x0000000086800000, 0x0000000086800000| Untracked 
|  45|0x0000000086900000, 0x0000000086900000, 0x0000000086a00000|  0%| F|  |TAMS 0x0000000086900000, 0x0000000086900000| Untracked 
|  46|0x0000000086a00000, 0x0000000086a00000, 0x0000000086b00000|  0%| F|  |TAMS 0x0000000086a00000, 0x0000000086a00000| Untracked 
|  47|0x0000000086b00000, 0x0000000086b00000, 0x0000000086c00000|  0%| F|  |TAMS 0x0000000086b00000, 0x0000000086b00000| Untracked 
|  48|0x0000000086c00000, 0x0000000086c00000, 0x0000000086d00000|  0%| F|  |TAMS 0x0000000086c00000, 0x0000000086c00000| Untracked 
|  49|0x0000000086d00000, 0x0000000086d00000, 0x0000000086e00000|  0%| F|  |TAMS 0x0000000086d00000, 0x0000000086d00000| Untracked 
|  50|0x0000000086e00000, 0x0000000086e00000, 0x0000000086f00000|  0%| F|  |TAMS 0x0000000086e00000, 0x0000000086e00000| Untracked 
|  51|0x0000000086f00000, 0x0000000086f00000, 0x0000000087000000|  0%| F|  |TAMS 0x0000000086f00000, 0x0000000086f00000| Untracked 
|  52|0x0000000087000000, 0x0000000087000000, 0x0000000087100000|  0%| F|  |TAMS 0x0000000087000000, 0x0000000087000000| Untracked 
|  53|0x0000000087100000, 0x000000008718e2d0, 0x0000000087200000| 55%| S|  |TAMS 0x0000000087100000, 0x0000000087100000| Complete 
|  54|0x0000000087200000, 0x0000000087300000, 0x0000000087300000|100%| S|  |TAMS 0x0000000087200000, 0x0000000087200000| Complete 
|  55|0x0000000087300000, 0x0000000087400000, 0x0000000087400000|100%| S|  |TAMS 0x0000000087300000, 0x0000000087300000| Complete 
|  56|0x0000000087400000, 0x0000000087400000, 0x0000000087500000|  0%| F|  |TAMS 0x0000000087400000, 0x0000000087400000| Untracked 
|  57|0x0000000087500000, 0x0000000087500000, 0x0000000087600000|  0%| F|  |TAMS 0x0000000087500000, 0x0000000087500000| Untracked 
|  58|0x0000000087600000, 0x0000000087700000, 0x0000000087700000|100%| S|  |TAMS 0x0000000087600000, 0x0000000087600000| Complete 
|  59|0x0000000087700000, 0x0000000087800000, 0x0000000087800000|100%| S|  |TAMS 0x0000000087700000, 0x0000000087700000| Complete 
|  60|0x0000000087800000, 0x0000000087800000, 0x0000000087900000|  0%| F|  |TAMS 0x0000000087800000, 0x0000000087800000| Untracked 
|  61|0x0000000087900000, 0x0000000087900000, 0x0000000087a00000|  0%| F|  |TAMS 0x0000000087900000, 0x0000000087900000| Untracked 
|  62|0x0000000087a00000, 0x0000000087a00000, 0x0000000087b00000|  0%| F|  |TAMS 0x0000000087a00000, 0x0000000087a00000| Untracked 
|  63|0x0000000087b00000, 0x0000000087b00000, 0x0000000087c00000|  0%| F|  |TAMS 0x0000000087b00000, 0x0000000087b00000| Untracked 
|  64|0x0000000087c00000, 0x0000000087c00000, 0x0000000087d00000|  0%| F|  |TAMS 0x0000000087c00000, 0x0000000087c00000| Untracked 
|  65|0x0000000087d00000, 0x0000000087d00000, 0x0000000087e00000|  0%| F|  |TAMS 0x0000000087d00000, 0x0000000087d00000| Untracked 
|  66|0x0000000087e00000, 0x0000000087e00000, 0x0000000087f00000|  0%| F|  |TAMS 0x0000000087e00000, 0x0000000087e00000| Untracked 
|  67|0x0000000087f00000, 0x0000000087f00000, 0x0000000088000000|  0%| F|  |TAMS 0x0000000087f00000, 0x0000000087f00000| Untracked 
|  68|0x0000000088000000, 0x0000000088000000, 0x0000000088100000|  0%| F|  |TAMS 0x0000000088000000, 0x0000000088000000| Untracked 
|  69|0x0000000088100000, 0x0000000088100000, 0x0000000088200000|  0%| F|  |TAMS 0x0000000088100000, 0x0000000088100000| Untracked 
|  70|0x0000000088200000, 0x0000000088200000, 0x0000000088300000|  0%| F|  |TAMS 0x0000000088200000, 0x0000000088200000| Untracked 
|  71|0x0000000088300000, 0x0000000088300000, 0x0000000088400000|  0%| F|  |TAMS 0x0000000088300000, 0x0000000088300000| Untracked 
|  72|0x0000000088400000, 0x0000000088400000, 0x0000000088500000|  0%| F|  |TAMS 0x0000000088400000, 0x0000000088400000| Untracked 
|  73|0x0000000088500000, 0x0000000088500000, 0x0000000088600000|  0%| F|  |TAMS 0x0000000088500000, 0x0000000088500000| Untracked 
|  74|0x0000000088600000, 0x0000000088600000, 0x0000000088700000|  0%| F|  |TAMS 0x0000000088600000, 0x0000000088600000| Untracked 
|  75|0x0000000088700000, 0x0000000088700000, 0x0000000088800000|  0%| F|  |TAMS 0x0000000088700000, 0x0000000088700000| Untracked 
|  76|0x0000000088800000, 0x0000000088800000, 0x0000000088900000|  0%| F|  |TAMS 0x0000000088800000, 0x0000000088800000| Untracked 
|  77|0x0000000088900000, 0x0000000088900000, 0x0000000088a00000|  0%| F|  |TAMS 0x0000000088900000, 0x0000000088900000| Untracked 
|  78|0x0000000088a00000, 0x0000000088a00000, 0x0000000088b00000|  0%| F|  |TAMS 0x0000000088a00000, 0x0000000088a00000| Untracked 
|  79|0x0000000088b00000, 0x0000000088b00000, 0x0000000088c00000|  0%| F|  |TAMS 0x0000000088b00000, 0x0000000088b00000| Untracked 
|  80|0x0000000088c00000, 0x0000000088c00000, 0x0000000088d00000|  0%| F|  |TAMS 0x0000000088c00000, 0x0000000088c00000| Untracked 
|  81|0x0000000088d00000, 0x0000000088d00000, 0x0000000088e00000|  0%| F|  |TAMS 0x0000000088d00000, 0x0000000088d00000| Untracked 
|  82|0x0000000088e00000, 0x0000000088e00000, 0x0000000088f00000|  0%| F|  |TAMS 0x0000000088e00000, 0x0000000088e00000| Untracked 
|  83|0x0000000088f00000, 0x0000000088f00000, 0x0000000089000000|  0%| F|  |TAMS 0x0000000088f00000, 0x0000000088f00000| Untracked 
|  84|0x0000000089000000, 0x0000000089000000, 0x0000000089100000|  0%| F|  |TAMS 0x0000000089000000, 0x0000000089000000| Untracked 
|  85|0x0000000089100000, 0x0000000089100000, 0x0000000089200000|  0%| F|  |TAMS 0x0000000089100000, 0x0000000089100000| Untracked 
|  86|0x0000000089200000, 0x0000000089200000, 0x0000000089300000|  0%| F|  |TAMS 0x0000000089200000, 0x0000000089200000| Untracked 
|  87|0x0000000089300000, 0x0000000089300000, 0x0000000089400000|  0%| F|  |TAMS 0x0000000089300000, 0x0000000089300000| Untracked 
|  88|0x0000000089400000, 0x0000000089400000, 0x0000000089500000|  0%| F|  |TAMS 0x0000000089400000, 0x0000000089400000| Untracked 
|  89|0x0000000089500000, 0x0000000089500000, 0x0000000089600000|  0%| F|  |TAMS 0x0000000089500000, 0x0000000089500000| Untracked 
|  90|0x0000000089600000, 0x0000000089600000, 0x0000000089700000|  0%| F|  |TAMS 0x0000000089600000, 0x0000000089600000| Untracked 
|  91|0x0000000089700000, 0x0000000089700000, 0x0000000089800000|  0%| F|  |TAMS 0x0000000089700000, 0x0000000089700000| Untracked 
|  92|0x0000000089800000, 0x0000000089800000, 0x0000000089900000|  0%| F|  |TAMS 0x0000000089800000, 0x0000000089800000| Untracked 
|  93|0x0000000089900000, 0x0000000089900000, 0x0000000089a00000|  0%| F|  |TAMS 0x0000000089900000, 0x0000000089900000| Untracked 
|  94|0x0000000089a00000, 0x0000000089a00000, 0x0000000089b00000|  0%| F|  |TAMS 0x0000000089a00000, 0x0000000089a00000| Untracked 
|  95|0x0000000089b00000, 0x0000000089b00000, 0x0000000089c00000|  0%| F|  |TAMS 0x0000000089b00000, 0x0000000089b00000| Untracked 
|  96|0x0000000089c00000, 0x0000000089c00000, 0x0000000089d00000|  0%| F|  |TAMS 0x0000000089c00000, 0x0000000089c00000| Untracked 
|  97|0x0000000089d00000, 0x0000000089d00000, 0x0000000089e00000|  0%| F|  |TAMS 0x0000000089d00000, 0x0000000089d00000| Untracked 
|  98|0x0000000089e00000, 0x0000000089e00000, 0x0000000089f00000|  0%| F|  |TAMS 0x0000000089e00000, 0x0000000089e00000| Untracked 
|  99|0x0000000089f00000, 0x0000000089f00000, 0x000000008a000000|  0%| F|  |TAMS 0x0000000089f00000, 0x0000000089f00000| Untracked 
| 100|0x000000008a000000, 0x000000008a0f43c8, 0x000000008a100000| 95%| E|  |TAMS 0x000000008a000000, 0x000000008a000000| Complete 
| 109|0x000000008a900000, 0x000000008aa00000, 0x000000008aa00000|100%| E|  |TAMS 0x000000008a900000, 0x000000008a900000| Complete 
| 110|0x000000008aa00000, 0x000000008ab00000, 0x000000008ab00000|100%| E|  |TAMS 0x000000008aa00000, 0x000000008aa00000| Complete 
| 111|0x000000008ab00000, 0x000000008ac00000, 0x000000008ac00000|100%| E|  |TAMS 0x000000008ab00000, 0x000000008ab00000| Complete 
| 124|0x000000008b800000, 0x000000008b900000, 0x000000008b900000|100%| E|  |TAMS 0x000000008b800000, 0x000000008b800000| Complete 
| 125|0x000000008b900000, 0x000000008ba00000, 0x000000008ba00000|100%| E|  |TAMS 0x000000008b900000, 0x000000008b900000| Complete 

Card table byte_map: [0x0000022496d30000,0x0000022497120000] _byte_map_base: 0x0000022496912000

Marking Bits (Prev, Next): (CMBitMap*) 0x000002248e655710, (CMBitMap*) 0x000002248e655750
 Prev Bits: [0x0000022497510000, 0x0000022499420000)
 Next Bits: [0x0000022499420000, 0x000002249b330000)

Polling page: 0x000002248e450000

Metaspace:

Usage:
  Non-class:     64.63 MB used.
      Class:     10.19 MB used.
       Both:     74.82 MB used.

Virtual space:
  Non-class space:      128.00 MB reserved,      64.94 MB ( 51%) committed,  2 nodes.
      Class space:        1.00 GB reserved,      10.44 MB (  1%) committed,  1 nodes.
             Both:        1.12 GB reserved,      75.38 MB (  7%) committed. 

Chunk freelists:
   Non-Class:  14.14 MB
       Class:  5.38 MB
        Both:  19.51 MB

MaxMetaspaceSize: unlimited
CompressedClassSpaceSize: 1.00 GB
Initial GC threshold: 21.00 MB
Current GC threshold: 113.75 MB
CDS: off
MetaspaceReclaimPolicy: balanced
 - commit_granule_bytes: 65536.
 - commit_granule_words: 8192.
 - virtual_space_node_default_size: 8388608.
 - enlarge_chunks_in_place: 1.
 - new_chunks_are_fully_committed: 0.
 - uncommit_free_chunks: 1.
 - use_allocation_guard: 0.
 - handle_deallocations: 1.


Internal statistics:

num_allocs_failed_limit: 12.
num_arena_births: 850.
num_arena_deaths: 0.
num_vsnodes_births: 3.
num_vsnodes_deaths: 0.
num_space_committed: 1206.
num_space_uncommitted: 0.
num_chunks_returned_to_freelist: 12.
num_chunks_taken_from_freelist: 3231.
num_chunk_merges: 9.
num_chunk_splits: 2331.
num_chunks_enlarged: 1775.
num_inconsistent_stats: 0.

CodeCache: size=49152Kb used=11069Kb max_used=12117Kb free=38083Kb
 bounds [0x0000022493490000, 0x0000022494080000, 0x0000022496490000]
 total_blobs=6890 nmethods=6196 adapters=621
 compilation: enabled
              stopped_count=0, restarted_count=0
 full_count=0

Compilation events (20 events):
Event: 6785.013 Thread 0x000002249da1f210 nmethod 6187 0x000002249364d410 code [0x000002249364d5c0, 0x000002249364d828]
Event: 6785.013 Thread 0x000002249da1f210 6188       1       com.sun.crypto.provider.GHASH::update (140 bytes)
Event: 6785.014 Thread 0x000002249da1f210 nmethod 6188 0x000002249364c790 code [0x000002249364ca00, 0x000002249364d0a8]
Event: 6785.014 Thread 0x000002249da1f210 6189       1       java.util.Formatter$FormatSpecifier::<init> (77 bytes)
Event: 6785.014 Thread 0x000002249da1f210 nmethod 6189 0x000002249364c190 code [0x000002249364c360, 0x000002249364c678]
Event: 6785.110 Thread 0x000002249da1f210 6190       1       java.time.LocalDateTime::getLong (47 bytes)
Event: 6785.110 Thread 0x000002249da1f210 nmethod 6190 0x000002249364bc90 code [0x000002249364be60, 0x000002249364c088]
Event: 6785.110 Thread 0x000002249da1f210 6191       1       java.time.temporal.ChronoField::isTimeBased (19 bytes)
Event: 6785.110 Thread 0x000002249da1f210 nmethod 6191 0x000002249364b990 code [0x000002249364bb20, 0x000002249364bbf8]
Event: 6785.110 Thread 0x000002249da1f210 6192       1       java.time.format.DateTimePrintContext::getDecimalStyle (8 bytes)
Event: 6785.111 Thread 0x000002249da1f210 nmethod 6192 0x000002249364b690 code [0x000002249364b820, 0x000002249364b8f8]
Event: 6785.111 Thread 0x000002249da1f210 6193       1       java.time.format.DecimalStyle::convertNumberToI18N (60 bytes)
Event: 6785.111 Thread 0x000002249da1f210 nmethod 6193 0x000002249364ae90 code [0x000002249364b060, 0x000002249364b428]
Event: 6785.144 Thread 0x000002249da1f210 6194       1       java.lang.invoke.LambdaFormEditor::foldArgumentsForm (102 bytes)
Event: 6785.145 Thread 0x000002249da1f210 nmethod 6194 0x000002249364a990 code [0x000002249364ab60, 0x000002249364ad38]
Event: 6785.275 Thread 0x000002249da1f210 6195       1       java.lang.invoke.LambdaFormEditor::getInCache (165 bytes)
Event: 6785.277 Thread 0x000002249da1f210 nmethod 6195 0x0000022493649f90 code [0x000002249364a180, 0x000002249364a668]
Event: 6785.278 Thread 0x000002249da1f210 6196       1       org.apache.juli.logging.DirectJDKLog::isDebugEnabled (11 bytes)
Event: 6785.278 Thread 0x000002249da1f210 nmethod 6196 0x0000022493649b90 code [0x0000022493649d20, 0x0000022493649e38]
Event: 6785.278 Thread 0x000002249da1f210 6197  s    1       org.apache.catalina.util.LifecycleBase::setStateInternal (144 bytes)

GC Heap History (20 events):
Event: 4.172 GC heap after
{Heap after GC invocations=9 (full 0):
 garbage-first heap   total 54272K, used 15806K [0x0000000083c00000, 0x0000000100000000)
  region size 1024K, 2 young (2048K), 2 survivors (2048K)
 Metaspace       used 32157K, committed 32512K, reserved 1114112K
  class space    used 3962K, committed 4160K, reserved 1048576K
}
Event: 4.725 GC heap before
{Heap before GC invocations=9 (full 0):
 garbage-first heap   total 54272K, used 39358K [0x0000000083c00000, 0x0000000100000000)
  region size 1024K, 25 young (25600K), 2 survivors (2048K)
 Metaspace       used 35391K, committed 35776K, reserved 1114112K
  class space    used 4477K, committed 4672K, reserved 1048576K
}
Event: 4.742 GC heap after
{Heap after GC invocations=10 (full 0):
 garbage-first heap   total 54272K, used 17821K [0x0000000083c00000, 0x0000000100000000)
  region size 1024K, 4 young (4096K), 4 survivors (4096K)
 Metaspace       used 35391K, committed 35776K, reserved 1114112K
  class space    used 4477K, committed 4672K, reserved 1048576K
}
Event: 4.824 GC heap before
{Heap before GC invocations=10 (full 0):
 garbage-first heap   total 54272K, used 21917K [0x0000000083c00000, 0x0000000100000000)
  region size 1024K, 9 young (9216K), 4 survivors (4096K)
 Metaspace       used 35877K, committed 36288K, reserved 1114112K
  class space    used 4575K, committed 4800K, reserved 1048576K
}
Event: 4.830 GC heap after
{Heap after GC invocations=11 (full 0):
 garbage-first heap   total 54272K, used 18226K [0x0000000083c00000, 0x0000000100000000)
  region size 1024K, 1 young (1024K), 1 survivors (1024K)
 Metaspace       used 35877K, committed 36288K, reserved 1114112K
  class space    used 4575K, committed 4800K, reserved 1048576K
}
Event: 5.153 GC heap before
{Heap before GC invocations=12 (full 0):
 garbage-first heap   total 54272K, used 44850K [0x0000000083c00000, 0x0000000100000000)
  region size 1024K, 22 young (22528K), 1 survivors (1024K)
 Metaspace       used 37934K, committed 38336K, reserved 1114112K
  class space    used 4823K, committed 4992K, reserved 1048576K
}
Event: 5.164 GC heap after
{Heap after GC invocations=13 (full 0):
 garbage-first heap   total 54272K, used 26123K [0x0000000083c00000, 0x0000000100000000)
  region size 1024K, 3 young (3072K), 3 survivors (3072K)
 Metaspace       used 37934K, committed 38336K, reserved 1114112K
  class space    used 4823K, committed 4992K, reserved 1048576K
}
Event: 5.167 GC heap before
{Heap before GC invocations=13 (full 0):
 garbage-first heap   total 54272K, used 27147K [0x0000000083c00000, 0x0000000100000000)
  region size 1024K, 4 young (4096K), 3 survivors (3072K)
 Metaspace       used 37934K, committed 38336K, reserved 1114112K
  class space    used 4823K, committed 4992K, reserved 1048576K
}
Event: 5.173 GC heap after
{Heap after GC invocations=14 (full 0):
 garbage-first heap   total 108544K, used 26831K [0x0000000083c00000, 0x0000000100000000)
  region size 1024K, 1 young (1024K), 1 survivors (1024K)
 Metaspace       used 37934K, committed 38336K, reserved 1114112K
  class space    used 4823K, committed 4992K, reserved 1048576K
}
Event: 6.376 GC heap before
{Heap before GC invocations=14 (full 0):
 garbage-first heap   total 108544K, used 81103K [0x0000000083c00000, 0x0000000100000000)
  region size 1024K, 53 young (54272K), 1 survivors (1024K)
 Metaspace       used 48210K, committed 48704K, reserved 1114112K
  class space    used 6242K, committed 6464K, reserved 1048576K
}
Event: 6.386 GC heap after
{Heap after GC invocations=15 (full 0):
 garbage-first heap   total 108544K, used 30716K [0x0000000083c00000, 0x0000000100000000)
  region size 1024K, 5 young (5120K), 5 survivors (5120K)
 Metaspace       used 48210K, committed 48704K, reserved 1114112K
  class space    used 6242K, committed 6464K, reserved 1048576K
}
Event: 8.225 GC heap before
{Heap before GC invocations=15 (full 0):
 garbage-first heap   total 108544K, used 67580K [0x0000000083c00000, 0x0000000100000000)
  region size 1024K, 43 young (44032K), 5 survivors (5120K)
 Metaspace       used 60298K, committed 60736K, reserved 1114112K
  class space    used 7913K, committed 8128K, reserved 1048576K
}
Event: 8.236 GC heap after
{Heap after GC invocations=16 (full 0):
 garbage-first heap   total 108544K, used 33610K [0x0000000083c00000, 0x0000000100000000)
  region size 1024K, 3 young (3072K), 3 survivors (3072K)
 Metaspace       used 60298K, committed 60736K, reserved 1114112K
  class space    used 7913K, committed 8128K, reserved 1048576K
}
Event: 9.652 GC heap before
{Heap before GC invocations=17 (full 0):
 garbage-first heap   total 108544K, used 78666K [0x0000000083c00000, 0x0000000100000000)
  region size 1024K, 50 young (51200K), 3 survivors (3072K)
 Metaspace       used 68964K, committed 69504K, reserved 1114112K
  class space    used 9325K, committed 9600K, reserved 1048576K
}
Event: 9.664 GC heap after
{Heap after GC invocations=18 (full 0):
 garbage-first heap   total 108544K, used 33423K [0x0000000083c00000, 0x0000000100000000)
  region size 1024K, 6 young (6144K), 6 survivors (6144K)
 Metaspace       used 68964K, committed 69504K, reserved 1114112K
  class space    used 9325K, committed 9600K, reserved 1048576K
}
Event: 552.484 GC heap before
{Heap before GC invocations=19 (full 0):
 garbage-first heap   total 108544K, used 82575K [0x0000000083c00000, 0x0000000100000000)
  region size 1024K, 54 young (55296K), 6 survivors (6144K)
 Metaspace       used 72423K, committed 72960K, reserved 1114112K
  class space    used 9856K, committed 10112K, reserved 1048576K
}
Event: 552.521 GC heap after
{Heap after GC invocations=20 (full 0):
 garbage-first heap   total 108544K, used 36498K [0x0000000083c00000, 0x0000000100000000)
  region size 1024K, 7 young (7168K), 7 survivors (7168K)
 Metaspace       used 72423K, committed 72960K, reserved 1114112K
  class space    used 9856K, committed 10112K, reserved 1048576K
}
Event: 6616.870 GC heap before
{Heap before GC invocations=20 (full 0):
 garbage-first heap   total 108544K, used 82578K [0x0000000083c00000, 0x0000000100000000)
  region size 1024K, 53 young (54272K), 7 survivors (7168K)
 Metaspace       used 76506K, committed 77120K, reserved 1179648K
  class space    used 10410K, committed 10688K, reserved 1048576K
}
Event: 6616.903 GC heap after
{Heap after GC invocations=21 (full 0):
 garbage-first heap   total 108544K, used 37943K [0x0000000083c00000, 0x0000000100000000)
  region size 1024K, 5 young (5120K), 5 survivors (5120K)
 Metaspace       used 76506K, committed 77120K, reserved 1179648K
  class space    used 10410K, committed 10688K, reserved 1048576K
}
Event: 6785.279 GC heap before
{Heap before GC invocations=21 (full 0):
 garbage-first heap   total 108544K, used 43063K [0x0000000083c00000, 0x0000000100000000)
  region size 1024K, 11 young (11264K), 5 survivors (5120K)
 Metaspace       used 76614K, committed 77184K, reserved 1179648K
  class space    used 10434K, committed 10688K, reserved 1048576K
}

Dll operation events (9 events):
Event: 0.008 Loaded shared library C:\Users\gniki\Desktop\sts-4.21.0.RELEASE\plugins\org.eclipse.justj.openjdk.hotspot.jre.full.win32.x86_64_17.0.9.v20231028-0858\jre\bin\java.dll
Event: 0.213 Loaded shared library C:\Users\gniki\Desktop\sts-4.21.0.RELEASE\plugins\org.eclipse.justj.openjdk.hotspot.jre.full.win32.x86_64_17.0.9.v20231028-0858\jre\bin\jimage.dll
Event: 0.236 Loaded shared library C:\Users\gniki\Desktop\sts-4.21.0.RELEASE\plugins\org.eclipse.justj.openjdk.hotspot.jre.full.win32.x86_64_17.0.9.v20231028-0858\jre\bin\net.dll
Event: 0.238 Loaded shared library C:\Users\gniki\Desktop\sts-4.21.0.RELEASE\plugins\org.eclipse.justj.openjdk.hotspot.jre.full.win32.x86_64_17.0.9.v20231028-0858\jre\bin\nio.dll
Event: 0.244 Loaded shared library C:\Users\gniki\Desktop\sts-4.21.0.RELEASE\plugins\org.eclipse.justj.openjdk.hotspot.jre.full.win32.x86_64_17.0.9.v20231028-0858\jre\bin\zip.dll
Event: 0.317 Loaded shared library C:\Users\gniki\Desktop\sts-4.21.0.RELEASE\plugins\org.eclipse.justj.openjdk.hotspot.jre.full.win32.x86_64_17.0.9.v20231028-0858\jre\bin\management.dll
Event: 0.330 Loaded shared library C:\Users\gniki\Desktop\sts-4.21.0.RELEASE\plugins\org.eclipse.justj.openjdk.hotspot.jre.full.win32.x86_64_17.0.9.v20231028-0858\jre\bin\management_ext.dll
Event: 3.371 Loaded shared library C:\Users\gniki\Desktop\sts-4.21.0.RELEASE\plugins\org.eclipse.justj.openjdk.hotspot.jre.full.win32.x86_64_17.0.9.v20231028-0858\jre\bin\sunmscapi.dll
Event: 6.009 Loaded shared library C:\Users\gniki\Desktop\sts-4.21.0.RELEASE\plugins\org.eclipse.justj.openjdk.hotspot.jre.full.win32.x86_64_17.0.9.v20231028-0858\jre\bin\verify.dll

Deoptimization events (12 events):
Event: 3.002 Thread 0x00000224a256f630 DEOPT PACKING pc=0x00000224935df499 sp=0x000000267e6fca90
Event: 3.002 Thread 0x00000224a256f630 DEOPT UNPACKING pc=0x00000224934eace3 sp=0x000000267e6fbf70 mode 3
Event: 3.284 Thread 0x00000224a256f630 DEOPT PACKING pc=0x0000022493a460d5 sp=0x000000267e6fd0a0
Event: 3.284 Thread 0x00000224a256f630 DEOPT UNPACKING pc=0x00000224934eace3 sp=0x000000267e6fc548 mode 3
Event: 3.931 Thread 0x00000224a256f630 DEOPT PACKING pc=0x00000224938a488c sp=0x000000267e6fdad0
Event: 3.931 Thread 0x00000224a256f630 DEOPT UNPACKING pc=0x00000224934eace3 sp=0x000000267e6fcf98 mode 0
Event: 4.963 Thread 0x00000224a256f630 DEOPT PACKING pc=0x0000022493c90afd sp=0x000000267e6fe100
Event: 4.963 Thread 0x00000224a256f630 DEOPT UNPACKING pc=0x00000224934eace3 sp=0x000000267e6fd668 mode 3
Event: 9.651 Thread 0x00000224a256f630 DEOPT PACKING pc=0x00000224935cc794 sp=0x000000267e6fbd60
Event: 9.651 Thread 0x00000224a256f630 DEOPT UNPACKING pc=0x00000224934eace3 sp=0x000000267e6fb2b8 mode 0
Event: 9.841 Thread 0x00000224a256f630 DEOPT PACKING pc=0x00000224935d1e52 sp=0x000000267e6f6b20
Event: 9.841 Thread 0x00000224a256f630 DEOPT UNPACKING pc=0x00000224934eace3 sp=0x000000267e6f6028 mode 3

Classes unloaded (20 events):
Event: 6785.874 Thread 0x000002249d963170 Unloading class 0x000000010014ac00 'java/lang/invoke/LambdaForm$MH+0x000000010014ac00'
Event: 6785.874 Thread 0x000002249d963170 Unloading class 0x000000010014a800 'java/lang/invoke/LambdaForm$MH+0x000000010014a800'
Event: 6785.874 Thread 0x000002249d963170 Unloading class 0x000000010014a000 'java/lang/invoke/LambdaForm$MH+0x000000010014a000'
Event: 6785.874 Thread 0x000002249d963170 Unloading class 0x0000000100146c00 'jdk/internal/reflect/GeneratedSerializationConstructorAccessor7'
Event: 6785.874 Thread 0x000002249d963170 Unloading class 0x0000000100146800 'jdk/internal/reflect/GeneratedSerializationConstructorAccessor6'
Event: 6785.874 Thread 0x000002249d963170 Unloading class 0x0000000100146400 'jdk/internal/reflect/GeneratedSerializationConstructorAccessor5'
Event: 6785.875 Thread 0x000002249d963170 Unloading class 0x0000000100146000 'jdk/internal/reflect/GeneratedSerializationConstructorAccessor4'
Event: 6785.963 Thread 0x000002249d963170 Unloading class 0x0000000100141800 'jdk/internal/reflect/GeneratedSerializationConstructorAccessor3'
Event: 6785.963 Thread 0x000002249d963170 Unloading class 0x0000000100141400 'jdk/internal/reflect/GeneratedSerializationConstructorAccessor2'
Event: 6785.963 Thread 0x000002249d963170 Unloading class 0x0000000100141000 'jdk/internal/reflect/GeneratedSerializationConstructorAccessor1'
Event: 6785.963 Thread 0x000002249d963170 Unloading class 0x0000000100140800 'java/lang/invoke/LambdaForm$DMH+0x0000000100140800'
Event: 6785.963 Thread 0x000002249d963170 Unloading class 0x0000000100140000 'java/lang/invoke/LambdaForm$DMH+0x0000000100140000'
Event: 6785.963 Thread 0x000002249d963170 Unloading class 0x00000001000c6c00 'jdk/internal/reflect/GeneratedConstructorAccessor1'
Event: 6785.963 Thread 0x000002249d963170 Unloading class 0x00000001000c6000 'java/lang/invoke/LambdaForm$MH+0x00000001000c6000'
Event: 6785.963 Thread 0x000002249d963170 Unloading class 0x00000001000c5c00 'java/lang/invoke/LambdaForm$MH+0x00000001000c5c00'
Event: 6785.963 Thread 0x000002249d963170 Unloading class 0x00000001000c5800 'java/lang/invoke/LambdaForm$MH+0x00000001000c5800'
Event: 6785.963 Thread 0x000002249d963170 Unloading class 0x00000001000c5400 'java/lang/invoke/LambdaForm$MH+0x00000001000c5400'
Event: 6785.963 Thread 0x000002249d963170 Unloading class 0x00000001000c5000 'java/lang/invoke/LambdaForm$MH+0x00000001000c5000'
Event: 6785.963 Thread 0x000002249d963170 Unloading class 0x00000001000c3c00 'java/lang/invoke/LambdaForm$MH+0x00000001000c3c00'
Event: 6785.963 Thread 0x000002249d963170 Unloading class 0x00000001000c3800 'java/lang/invoke/LambdaForm$MH+0x00000001000c3800'

Classes redefined (0 events):
No events

Internal exceptions (20 events):
Event: 1082.147 Thread 0x00000224a43a08a0 Exception <a 'java/lang/reflect/InvocationTargetException'{0x0000000088979868}> (0x0000000088979868) 
thrown [s\src\hotspot\share\runtime\reflection.cpp, line 1121]
Event: 5443.466 Thread 0x00000224a43a3120 Exception <a 'java/io/IOException'{0x00000000887ca1f8}> (0x00000000887ca1f8) 
thrown [s\src\hotspot\share\prims\jni.cpp, line 516]
Event: 5443.466 Thread 0x00000224a43a3120 Exception <a 'java/io/IOException'{0x00000000887cad38}> (0x00000000887cad38) 
thrown [s\src\hotspot\share\prims\jni.cpp, line 516]
Event: 6189.219 Thread 0x00000224a43a21f0 Exception <a 'java/lang/NoSuchMethodError'{0x00000000881eede8}: static [Ljava/lang/Integer;.<clinit>()V> (0x00000000881eede8) 
thrown [s\src\hotspot\share\prims\jni.cpp, line 1107]
Event: 6785.006 Thread 0x00000224a43a4a70 Exception <a 'java/io/IOException'{0x000000008a0708c0}> (0x000000008a0708c0) 
thrown [s\src\hotspot\share\prims\jni.cpp, line 516]
Event: 6785.006 Thread 0x00000224a43a4a70 Exception <a 'java/io/IOException'{0x000000008a071400}> (0x000000008a071400) 
thrown [s\src\hotspot\share\prims\jni.cpp, line 516]
Event: 6785.007 Thread 0x00000224a43a4a70 Exception <a 'java/io/IOException'{0x000000008a0741b0}> (0x000000008a0741b0) 
thrown [s\src\hotspot\share\prims\jni.cpp, line 516]
Event: 6785.007 Thread 0x00000224a43a4a70 Exception <a 'java/io/IOException'{0x000000008a076a38}> (0x000000008a076a38) 
thrown [s\src\hotspot\share\prims\jni.cpp, line 516]
Event: 6785.007 Thread 0x00000224a43a4a70 Exception <a 'java/io/IOException'{0x000000008a077578}> (0x000000008a077578) 
thrown [s\src\hotspot\share\prims\jni.cpp, line 516]
Event: 6785.009 Thread 0x00000224a43a4a70 Exception <a 'java/io/IOException'{0x000000008a07c5b8}> (0x000000008a07c5b8) 
thrown [s\src\hotspot\share\prims\jni.cpp, line 516]
Event: 6785.009 Thread 0x00000224a43a4a70 Exception <a 'java/io/IOException'{0x000000008a07d0f8}> (0x000000008a07d0f8) 
thrown [s\src\hotspot\share\prims\jni.cpp, line 516]
Event: 6785.010 Thread 0x00000224a43a4a70 Exception <a 'java/io/IOException'{0x000000008a07f980}> (0x000000008a07f980) 
thrown [s\src\hotspot\share\prims\jni.cpp, line 516]
Event: 6785.010 Thread 0x00000224a43a4a70 Exception <a 'java/io/IOException'{0x000000008a0804c0}> (0x000000008a0804c0) 
thrown [s\src\hotspot\share\prims\jni.cpp, line 516]
Event: 6785.011 Thread 0x00000224a43a4a70 Exception <a 'java/io/IOException'{0x000000008a082d48}> (0x000000008a082d48) 
thrown [s\src\hotspot\share\prims\jni.cpp, line 516]
Event: 6785.011 Thread 0x00000224a43a4a70 Exception <a 'java/io/IOException'{0x000000008a083888}> (0x000000008a083888) 
thrown [s\src\hotspot\share\prims\jni.cpp, line 516]
Event: 6785.011 Thread 0x00000224a43a4a70 Exception <a 'java/io/IOException'{0x000000008a086110}> (0x000000008a086110) 
thrown [s\src\hotspot\share\prims\jni.cpp, line 516]
Event: 6785.011 Thread 0x00000224a43a4a70 Exception <a 'java/io/IOException'{0x000000008a086c50}> (0x000000008a086c50) 
thrown [s\src\hotspot\share\prims\jni.cpp, line 516]
Event: 6785.012 Thread 0x00000224a43a4a70 Exception <a 'java/io/IOException'{0x000000008a0894d8}> (0x000000008a0894d8) 
thrown [s\src\hotspot\share\prims\jni.cpp, line 516]
Event: 6785.012 Thread 0x00000224a43a4a70 Exception <a 'java/io/IOException'{0x000000008a08a018}> (0x000000008a08a018) 
thrown [s\src\hotspot\share\prims\jni.cpp, line 516]
Event: 6785.278 Thread 0x00000224a2571490 Exception <a 'java/lang/InterruptedException'{0x000000008a0b8168}: sleep interrupted> (0x000000008a0b8168) 
thrown [s\src\hotspot\share\prims\jvm.cpp, line 3064]

VM Operations (20 events):
Event: 1044.728 Executing VM operation: Cleanup done
Event: 1047.751 Executing VM operation: Cleanup
Event: 1047.751 Executing VM operation: Cleanup done
Event: 1082.050 Executing VM operation: Cleanup
Event: 1082.050 Executing VM operation: Cleanup done
Event: 1083.058 Executing VM operation: Cleanup
Event: 1083.058 Executing VM operation: Cleanup done
Event: 5443.093 Executing VM operation: Cleanup
Event: 5443.094 Executing VM operation: Cleanup done
Event: 5444.102 Executing VM operation: Cleanup
Event: 5444.102 Executing VM operation: Cleanup done
Event: 5447.131 Executing VM operation: Cleanup
Event: 5447.131 Executing VM operation: Cleanup done
Event: 6228.593 Executing VM operation: HandshakeAllThreads
Event: 6228.593 Executing VM operation: HandshakeAllThreads done
Event: 6616.870 Executing VM operation: G1CollectForAllocation
Event: 6616.903 Executing VM operation: G1CollectForAllocation done
Event: 6784.766 Executing VM operation: Cleanup
Event: 6784.846 Executing VM operation: Cleanup done
Event: 6785.279 Executing VM operation: G1CollectFull

Events (20 events):
Event: 6784.438 Thread 0x00000224a43a63c0 Thread exited: 0x00000224a43a63c0
Event: 6784.438 Thread 0x00000224a43a4f80 Thread exited: 0x00000224a43a4f80
Event: 6784.494 Thread 0x00000224a43a5490 Thread exited: 0x00000224a43a5490
Event: 6784.637 Thread 0x00000224a43a4a70 Thread exited: 0x00000224a43a4a70
Event: 6784.863 loading class java/util/AbstractMap$2
Event: 6784.863 loading class java/util/AbstractMap$2 done
Event: 6784.865 loading class java/util/AbstractMap$2$1
Event: 6784.865 loading class java/util/AbstractMap$2$1 done
Event: 6784.963 loading class jdk/internal/reflect/UnsafeQualifiedObjectFieldAccessorImpl
Event: 6784.964 loading class jdk/internal/reflect/UnsafeQualifiedFieldAccessorImpl
Event: 6784.964 loading class jdk/internal/reflect/UnsafeQualifiedFieldAccessorImpl done
Event: 6784.964 loading class jdk/internal/reflect/UnsafeQualifiedObjectFieldAccessorImpl done
Event: 6784.966 Thread 0x00000224a43a4a70 Thread added: 0x00000224a43a4a70
Event: 6785.110 Thread 0x00000224a43a4a70 Thread exited: 0x00000224a43a4a70
Event: 6785.110 Thread 0x00000224a25728d0 Thread exited: 0x00000224a25728d0
Event: 6785.274 loading class java/util/WeakHashMap$KeyIterator
Event: 6785.274 loading class java/util/WeakHashMap$HashIterator
Event: 6785.274 loading class java/util/WeakHashMap$HashIterator done
Event: 6785.274 loading class java/util/WeakHashMap$KeyIterator done
Event: 6785.278 Thread 0x00000224a2571490 Thread exited: 0x00000224a2571490


Dynamic libraries:
0x00007ff6468d0000 - 0x00007ff6468de000 	C:\Users\gniki\Desktop\sts-4.21.0.RELEASE\plugins\org.eclipse.justj.openjdk.hotspot.jre.full.win32.x86_64_17.0.9.v20231028-0858\jre\bin\javaw.exe
0x00007ffa24f50000 - 0x00007ffa25167000 	C:\WINDOWS\SYSTEM32\ntdll.dll
0x00007ffa23cb0000 - 0x00007ffa23d74000 	C:\WINDOWS\System32\KERNEL32.DLL
0x00007ffa228d0000 - 0x00007ffa22c77000 	C:\WINDOWS\System32\KERNELBASE.dll
0x00007ffa227b0000 - 0x00007ffa228c1000 	C:\WINDOWS\System32\ucrtbase.dll
0x00007ff9ddb60000 - 0x00007ff9ddb77000 	C:\Users\gniki\Desktop\sts-4.21.0.RELEASE\plugins\org.eclipse.justj.openjdk.hotspot.jre.full.win32.x86_64_17.0.9.v20231028-0858\jre\bin\jli.dll
0x00007ffa24510000 - 0x00007ffa246be000 	C:\WINDOWS\System32\USER32.dll
0x00007ffa22390000 - 0x00007ffa223b6000 	C:\WINDOWS\System32\win32u.dll
0x00007ffa23d80000 - 0x00007ffa23da9000 	C:\WINDOWS\System32\GDI32.dll
0x00007ffa22690000 - 0x00007ffa227a9000 	C:\WINDOWS\System32\gdi32full.dll
0x00007ffa222f0000 - 0x00007ffa2238a000 	C:\WINDOWS\System32\msvcp_win.dll
0x00007ff9dace0000 - 0x00007ff9dacfb000 	C:\Users\gniki\Desktop\sts-4.21.0.RELEASE\plugins\org.eclipse.justj.openjdk.hotspot.jre.full.win32.x86_64_17.0.9.v20231028-0858\jre\bin\VCRUNTIME140.dll
0x00007ffa21310000 - 0x00007ffa215a3000 	C:\WINDOWS\WinSxS\amd64_microsoft.windows.common-controls_6595b64144ccf1df_6.0.22621.3527_none_270e469b73872a76\COMCTL32.dll
0x00007ffa23130000 - 0x00007ffa231d7000 	C:\WINDOWS\System32\msvcrt.dll
0x00007ffa23400000 - 0x00007ffa23431000 	C:\WINDOWS\System32\IMM32.DLL
0x00007ffa1c990000 - 0x00007ffa1c99c000 	C:\Users\gniki\Desktop\sts-4.21.0.RELEASE\plugins\org.eclipse.justj.openjdk.hotspot.jre.full.win32.x86_64_17.0.9.v20231028-0858\jre\bin\vcruntime140_1.dll
0x00007ff9d22f0000 - 0x00007ff9d237d000 	C:\Users\gniki\Desktop\sts-4.21.0.RELEASE\plugins\org.eclipse.justj.openjdk.hotspot.jre.full.win32.x86_64_17.0.9.v20231028-0858\jre\bin\msvcp140.dll
0x00007ff99cda0000 - 0x00007ff99da01000 	C:\Users\gniki\Desktop\sts-4.21.0.RELEASE\plugins\org.eclipse.justj.openjdk.hotspot.jre.full.win32.x86_64_17.0.9.v20231028-0858\jre\bin\server\jvm.dll
0x00007ffa22e30000 - 0x00007ffa22ee2000 	C:\WINDOWS\System32\ADVAPI32.dll
0x00007ffa24000000 - 0x00007ffa240a8000 	C:\WINDOWS\System32\sechost.dll
0x00007ffa22530000 - 0x00007ffa22558000 	C:\WINDOWS\System32\bcrypt.dll
0x00007ffa231e0000 - 0x00007ffa232f5000 	C:\WINDOWS\System32\RPCRT4.dll
0x00007ffa22130000 - 0x00007ffa2217d000 	C:\WINDOWS\SYSTEM32\POWRPROF.dll
0x00007ffa15ea0000 - 0x00007ffa15ea9000 	C:\WINDOWS\SYSTEM32\WSOCK32.dll
0x00007ffa22d40000 - 0x00007ffa22db1000 	C:\WINDOWS\System32\WS2_32.dll
0x00007ffa14640000 - 0x00007ffa14674000 	C:\WINDOWS\SYSTEM32\WINMM.dll
0x00007ffa13da0000 - 0x00007ffa13daa000 	C:\WINDOWS\SYSTEM32\VERSION.dll
0x00007ffa22060000 - 0x00007ffa22073000 	C:\WINDOWS\SYSTEM32\UMPDC.dll
0x00007ffa20bb0000 - 0x00007ffa20bc8000 	C:\WINDOWS\SYSTEM32\kernel.appcore.dll
0x00007ffa15e90000 - 0x00007ffa15e9a000 	C:\Users\gniki\Desktop\sts-4.21.0.RELEASE\plugins\org.eclipse.justj.openjdk.hotspot.jre.full.win32.x86_64_17.0.9.v20231028-0858\jre\bin\jimage.dll
0x00007ffa21af0000 - 0x00007ffa21d23000 	C:\WINDOWS\SYSTEM32\DBGHELP.DLL
0x00007ffa246c0000 - 0x00007ffa24a48000 	C:\WINDOWS\System32\combase.dll
0x00007ffa23050000 - 0x00007ffa23127000 	C:\WINDOWS\System32\OLEAUT32.dll
0x00007ffa21620000 - 0x00007ffa21652000 	C:\WINDOWS\SYSTEM32\dbgcore.DLL
0x00007ffa22270000 - 0x00007ffa222e9000 	C:\WINDOWS\System32\bcryptPrimitives.dll
0x00007ffa15800000 - 0x00007ffa15825000 	C:\Users\gniki\Desktop\sts-4.21.0.RELEASE\plugins\org.eclipse.justj.openjdk.hotspot.jre.full.win32.x86_64_17.0.9.v20231028-0858\jre\bin\java.dll
0x00007ffa157e0000 - 0x00007ffa157f8000 	C:\Users\gniki\Desktop\sts-4.21.0.RELEASE\plugins\org.eclipse.justj.openjdk.hotspot.jre.full.win32.x86_64_17.0.9.v20231028-0858\jre\bin\zip.dll
0x00007ffa23450000 - 0x00007ffa23cac000 	C:\WINDOWS\System32\SHELL32.dll
0x00007ffa1fa40000 - 0x00007ffa20336000 	C:\WINDOWS\SYSTEM32\windows.storage.dll
0x00007ffa1f900000 - 0x00007ffa1fa3e000 	C:\WINDOWS\SYSTEM32\wintypes.dll
0x00007ffa241f0000 - 0x00007ffa242e5000 	C:\WINDOWS\System32\SHCORE.dll
0x00007ffa24190000 - 0x00007ffa241ee000 	C:\WINDOWS\System32\shlwapi.dll
0x00007ffa221a0000 - 0x00007ffa221c1000 	C:\WINDOWS\SYSTEM32\profapi.dll
0x00007ffa157c0000 - 0x00007ffa157d9000 	C:\Users\gniki\Desktop\sts-4.21.0.RELEASE\plugins\org.eclipse.justj.openjdk.hotspot.jre.full.win32.x86_64_17.0.9.v20231028-0858\jre\bin\net.dll
0x00007ffa19d20000 - 0x00007ffa19e56000 	C:\WINDOWS\SYSTEM32\WINHTTP.dll
0x00007ffa20fd0000 - 0x00007ffa21039000 	C:\WINDOWS\system32\mswsock.dll
0x00007ffa11ee0000 - 0x00007ffa11ef6000 	C:\Users\gniki\Desktop\sts-4.21.0.RELEASE\plugins\org.eclipse.justj.openjdk.hotspot.jre.full.win32.x86_64_17.0.9.v20231028-0858\jre\bin\nio.dll
0x00007ffa0f880000 - 0x00007ffa0f889000 	C:\Users\gniki\Desktop\sts-4.21.0.RELEASE\plugins\org.eclipse.justj.openjdk.hotspot.jre.full.win32.x86_64_17.0.9.v20231028-0858\jre\bin\management.dll
0x00007ffa0f4c0000 - 0x00007ffa0f4cb000 	C:\Users\gniki\Desktop\sts-4.21.0.RELEASE\plugins\org.eclipse.justj.openjdk.hotspot.jre.full.win32.x86_64_17.0.9.v20231028-0858\jre\bin\management_ext.dll
0x00007ffa23db0000 - 0x00007ffa23db8000 	C:\WINDOWS\System32\PSAPI.DLL
0x00007ff9f39e0000 - 0x00007ff9f39f7000 	C:\WINDOWS\system32\napinsp.dll
0x00007ff9f3390000 - 0x00007ff9f33ab000 	C:\WINDOWS\system32\pnrpnsp.dll
0x00007ffa205c0000 - 0x00007ffa206b9000 	C:\WINDOWS\SYSTEM32\DNSAPI.dll
0x00007ffa20590000 - 0x00007ffa205bd000 	C:\WINDOWS\SYSTEM32\IPHLPAPI.DLL
0x00007ffa22d30000 - 0x00007ffa22d39000 	C:\WINDOWS\System32\NSI.dll
0x00007ff9f1440000 - 0x00007ff9f1451000 	C:\WINDOWS\System32\winrnr.dll
0x00007ff9f1170000 - 0x00007ff9f1185000 	C:\WINDOWS\system32\wshbth.dll
0x00007ff9f0fd0000 - 0x00007ff9f0ff1000 	C:\WINDOWS\system32\nlansp_c.dll
0x00007ffa13af0000 - 0x00007ffa13afa000 	C:\Windows\System32\rasadhlp.dll
0x00007ffa16800000 - 0x00007ffa16883000 	C:\WINDOWS\System32\fwpuclnt.dll
0x00007ffa21e10000 - 0x00007ffa21e2b000 	C:\WINDOWS\SYSTEM32\CRYPTSP.dll
0x00007ffa20b10000 - 0x00007ffa20b45000 	C:\WINDOWS\system32\rsaenh.dll
0x00007ffa210a0000 - 0x00007ffa210c8000 	C:\WINDOWS\SYSTEM32\USERENV.dll
0x00007ffa21200000 - 0x00007ffa2120c000 	C:\WINDOWS\SYSTEM32\CRYPTBASE.dll
0x00007ffa19ca0000 - 0x00007ffa19cb9000 	C:\WINDOWS\SYSTEM32\dhcpcsvc6.DLL
0x00007ffa19c80000 - 0x00007ffa19c9f000 	C:\WINDOWS\SYSTEM32\dhcpcsvc.DLL
0x00007ffa157b0000 - 0x00007ffa157be000 	C:\Users\gniki\Desktop\sts-4.21.0.RELEASE\plugins\org.eclipse.justj.openjdk.hotspot.jre.full.win32.x86_64_17.0.9.v20231028-0858\jre\bin\sunmscapi.dll
0x00007ffa223c0000 - 0x00007ffa22527000 	C:\WINDOWS\System32\CRYPT32.dll
0x00007ffa21790000 - 0x00007ffa217be000 	C:\WINDOWS\SYSTEM32\ncrypt.dll
0x00007ffa21750000 - 0x00007ffa21787000 	C:\WINDOWS\SYSTEM32\NTASN1.dll
0x00007ffa15e80000 - 0x00007ffa15e90000 	C:\Users\gniki\Desktop\sts-4.21.0.RELEASE\plugins\org.eclipse.justj.openjdk.hotspot.jre.full.win32.x86_64_17.0.9.v20231028-0858\jre\bin\verify.dll
0x00007ffa1cf80000 - 0x00007ffa1cf88000 	C:\WINDOWS\system32\wshunix.dll

dbghelp: loaded successfully - version: 4.0.5 - missing functions: none
symbol engine: initialized successfully - sym options: 0x614 - pdb path: .;C:\Users\gniki\Desktop\sts-4.21.0.RELEASE\plugins\org.eclipse.justj.openjdk.hotspot.jre.full.win32.x86_64_17.0.9.v20231028-0858\jre\bin;C:\WINDOWS\SYSTEM32;C:\WINDOWS\WinSxS\amd64_microsoft.windows.common-controls_6595b64144ccf1df_6.0.22621.3527_none_270e469b73872a76;C:\Users\gniki\Desktop\sts-4.21.0.RELEASE\plugins\org.eclipse.justj.openjdk.hotspot.jre.full.win32.x86_64_17.0.9.v20231028-0858\jre\bin\server

VM Arguments:
jvm_args: -Dcom.sun.management.jmxremote -Dcom.sun.management.jmxremote.port=65257 -Dcom.sun.management.jmxremote.authenticate=false -Dcom.sun.management.jmxremote.ssl=false -Djava.rmi.server.hostname=localhost -Dspring.jmx.enabled=true -Dmanagement.endpoints.jmx.exposure.include=* -Dspring.application.admin.enabled=true -XX:TieredStopAtLevel=1 -Dspring.boot.project.name=Order-Service -Dfile.encoding=UTF-8 -Dstdout.encoding=UTF-8 -Dstderr.encoding=UTF-8 -XX:+ShowCodeDetailsInExceptionMessages 
java_command: com.order.OrderServiceApplication --spring.output.ansi.enabled=always
java_class_path (initial): D:\Spring Boot or Microservices Projects\Inventory Management\Order-Service\target\classes;C:\Users\gniki\.m2\repository\org\springframework\boot\spring-boot-starter-data-jpa\3.2.5\spring-boot-starter-data-jpa-3.2.5.jar;C:\Users\gniki\.m2\repository\org\springframework\boot\spring-boot-starter-aop\3.2.5\spring-boot-starter-aop-3.2.5.jar;C:\Users\gniki\.m2\repository\org\springframework\spring-aop\6.1.6\spring-aop-6.1.6.jar;C:\Users\gniki\.m2\repository\org\aspectj\aspectjweaver\1.9.22\aspectjweaver-1.9.22.jar;C:\Users\gniki\.m2\repository\org\springframework\boot\spring-boot-starter-jdbc\3.2.5\spring-boot-starter-jdbc-3.2.5.jar;C:\Users\gniki\.m2\repository\com\zaxxer\HikariCP\5.0.1\HikariCP-5.0.1.jar;C:\Users\gniki\.m2\repository\org\springframework\spring-jdbc\6.1.6\spring-jdbc-6.1.6.jar;C:\Users\gniki\.m2\repository\org\hibernate\orm\hibernate-core\6.4.4.Final\hibernate-core-6.4.4.Final.jar;C:\Users\gniki\.m2\repository\jakarta\persistence\jakarta.persistence-api\3.1.0\jakarta.persistence-api-3.1.0.jar;C:\Users\gniki\.m2\repository\jakarta\transaction\jakarta.transaction-api\2.0.1\jakarta.transaction-api-2.0.1.jar;C:\Users\gniki\.m2\repository\org\jboss\logging\jboss-logging\3.5.3.Final\jboss-logging-3.5.3.Final.jar;C:\Users\gniki\.m2\repository\org\hibernate\common\hibernate-commons-annotations\6.0.6.Final\hibernate-commons-annotations-6.0.6.Final.jar;C:\Users\gniki\.m2\repository\io\smallrye\jandex\3.1.2\jandex-3.1.2.jar;C:\Users\gniki\.m2\repository\com\fasterxml\classmate\1.6.0\classmate-1.6.0.jar;C:\Users\gniki\.m2\repository\net\bytebuddy\byte-buddy\1.14.13\byte-buddy-1.14.13.jar;C:\Users\gniki\.m2\repository\org\glassfish\jaxb\jaxb-runtime\4.0.5\jaxb-runtime-4.0.5.jar;C:\Users\gniki\.m2\repository\org\glassfish\jaxb\jaxb-core\4.0.5\jaxb-core-4.0.5.jar;C:\Users\gniki\.m2\repository\org\eclipse\angus\angus-activation\2.0.2\angus-activation-2.0.2.jar;C:\Users\gniki\.m2\repository\org\glassfish\jaxb\txw2\4.0.5\txw2-4.0.5.jar;C:\Use
Launcher Type: SUN_STANDARD

[Global flags]
     intx CICompilerCount                          = 3                                         {product} {ergonomic}
     uint ConcGCThreads                            = 1                                         {product} {ergonomic}
     uint G1ConcRefinementThreads                  = 4                                         {product} {ergonomic}
   size_t G1HeapRegionSize                         = 1048576                                   {product} {ergonomic}
    uintx GCDrainStackTargetSize                   = 64                                        {product} {ergonomic}
   size_t InitialHeapSize                          = 132120576                                 {product} {ergonomic}
     bool ManagementServer                         = true                                      {product} {command line}
   size_t MarkStackSize                            = 4194304                                   {product} {ergonomic}
   size_t MaxHeapSize                              = 2084569088                                {product} {ergonomic}
   size_t MaxNewSize                               = 1249902592                                {product} {ergonomic}
   size_t MinHeapDeltaBytes                        = 1048576                                   {product} {ergonomic}
   size_t MinHeapSize                              = 8388608                                   {product} {ergonomic}
    uintx NonProfiledCodeHeapSize                  = 0                                      {pd product} {ergonomic}
     bool ProfileInterpreter                       = false                                  {pd product} {command line}
    uintx ProfiledCodeHeapSize                     = 0                                      {pd product} {ergonomic}
     bool ShowCodeDetailsInExceptionMessages       = true                                   {manageable} {command line}
   size_t SoftMaxHeapSize                          = 2084569088                             {manageable} {ergonomic}
     intx TieredStopAtLevel                        = 1                                         {product} {command line}
     bool UseCompressedClassPointers               = true                           {product lp64_product} {ergonomic}
     bool UseCompressedOops                        = true                           {product lp64_product} {ergonomic}
     bool UseG1GC                                  = true                                      {product} {ergonomic}
     bool UseLargePagesIndividualAllocation        = false                                  {pd product} {ergonomic}

Logging:
Log output configuration:
 #0: stdout all=warning uptime,level,tags
 #1: stderr all=off uptime,level,tags

Environment Variables:
PATH=C:/Users/gniki/Desktop/sts-4.21.0.RELEASE//plugins/org.eclipse.justj.openjdk.hotspot.jre.full.win32.x86_64_17.0.9.v20231028-0858/jre/bin/server;C:/Users/gniki/Desktop/sts-4.21.0.RELEASE//plugins/org.eclipse.justj.openjdk.hotspot.jre.full.win32.x86_64_17.0.9.v20231028-0858/jre/bin;C:\Program Files\Common Files\Oracle\Java\javapath;C:\Program Files (x86)\Falcon\MinGW\bin;C:\WINDOWS\system32;C:\WINDOWS;C:\WINDOWS\System32\Wbem;C:\WINDOWS\System32\WindowsPowerShell\v1.0\;C:\WINDOWS\System32\OpenSSH\;C:\Users\gniki\Downloads\apache-maven-3.8.8-bin.zip\apache-maven-3.8.8\bin;C:\Program Files\nodejs\;C:\Program Files\Git\cmd;C:\Program Files\MySQL\MySQL Shell 8.0\bin\;C:\MinGW\bin;C:\Program Files\JetBrains\IntelliJ IDEA Community Edition 2023.2.5\bin;;C:\Users\gniki\AppData\Local\Programs\Microsoft VS Code\bin;C:\Users\gniki\AppData\Roaming\npm;C:\Users\gniki\AppData\Local\Programs\Python\Python310\;C:\Users\gniki\AppData\Local\Programs\Python\Python310\Scripts\;C:\Users\gniki\AppData\Local\Microsoft\WindowsApps;;C:\Users\gniki\Desktop\sts-4.21.0.RELEASE;
USERNAME=gniki
OS=Windows_NT
PROCESSOR_IDENTIFIER=Intel64 Family 6 Model 140 Stepping 1, GenuineIntel
TMP=C:\Users\gniki\AppData\Local\Temp
TEMP=C:\Users\gniki\AppData\Local\Temp



Periodic native trim disabled


---------------  S Y S T E M  ---------------

OS:
 Windows 11 , 64 bit Build 22621 (10.0.22621.3527)
OS uptime: 9 days 23:31 hours
Hyper-V role detected

CPU: total 4 (initial active 4) (2 cores per cpu, 2 threads per core) family 6 model 140 stepping 1 microcode 0xac, cx8, cmov, fxsr, ht, mmx, 3dnowpref, sse, sse2, sse3, ssse3, sse4.1, sse4.2, popcnt, lzcnt, tsc, tscinvbit, avx, avx2, aes, erms, clmul, bmi1, bmi2, adx, avx512f, avx512dq, avx512cd, avx512bw, avx512vl, sha, fma, vzeroupper, avx512_vpopcntdq, avx512_vpclmulqdq, avx512_vaes, avx512_vnni, clflush, clflushopt, clwb, avx512_vbmi2, avx512_vbmi, hv
Processor Information for processor 0
  Max Mhz: 2995, Current Mhz: 2995, Mhz Limit: 2995
Processor Information for processor 1
  Max Mhz: 2995, Current Mhz: 1198, Mhz Limit: 2995
Processor Information for processor 2
  Max Mhz: 2995, Current Mhz: 1198, Mhz Limit: 2995
Processor Information for processor 3
  Max Mhz: 2995, Current Mhz: 2995, Mhz Limit: 2995

Memory: 4k page, system-wide physical 7948M (956M free)
TotalPageFile size 16113M (AvailPageFile size 7109M)
current process WorkingSet (physical memory assigned to process): 231M, peak: 257M
current process commit charge ("private bytes"): 295M, peak: 295M

vm_info: OpenJDK 64-Bit Server VM (17.0.9+9) for windows-amd64 JRE (17.0.9+9), built on Oct 26 2023 14:01:42 by "admin" with MS VC++ 16.10 / 16.11 (VS2019)

END.
